#
# There is insufficient memory for the Java Runtime Environment to continue.
# Native memory allocation (mmap) failed to map 67108864 bytes for Failed to commit area from 0x00000000c1400000 to 0x00000000c5400000 of length 67108864.
# Possible reasons:
#   The system is out of physical RAM or swap space
#   The process is running with CompressedOops enabled, and the Java Heap may be blocking the growth of the native heap
# Possible solutions:
#   Reduce memory load on the system
#   Increase physical memory or swap space
#   Check if swap backing store is full
#   Decrease Java heap size (-Xmx/-Xms)
#   Decrease number of Java threads
#   Decrease Java thread stack sizes (-Xss)
#   Set larger code cache with -XX:ReservedCodeCacheSize=
# This output file may be truncated or incomplete.
#
#  Out of Memory Error (t:/workspace/open/src/hotspot/os/windows/os_windows.cpp:3264), pid=16916, tid=16980
#
# JRE version:  (12.0.2+10) (build )
# Java VM: Java HotSpot(TM) 64-Bit Server VM (12.0.2+10, mixed mode, aot, sharing, tiered, compressed oops, g1 gc, windows-amd64)
# No core dump will be written. Minidumps are not enabled by default on client versions of Windows
#

---------------  S U M M A R Y ------------

Command Line: -Dfile.encoding=Cp1252 --module-path=C:\Program Files (x86)\MySQL\Connector J 8.0\mysql-connector-java-8.0.18.jar New_Employee

Host: Intel(R) Core(TM) i3-4005U CPU @ 1.70GHz, 4 cores, 3G,  Windows 10 , 64 bit Build 15063 (10.0.15063.1058)
Time: Wed Oct 30 06:10:59 2019 Pacific Daylight Time elapsed time: 0 seconds (0d 0h 0m 0s)

---------------  T H R E A D  ---------------

Current thread (0x000001c687c72000):  JavaThread "Unknown thread" [_thread_in_vm, id=16980, stack(0x0000002c6b600000,0x0000002c6b700000)]

Stack: [0x0000002c6b600000,0x0000002c6b700000]
Native frames: (J=compiled Java code, j=interpreted, Vv=VM code, C=native code)
V  [jvm.dll+0x63aa2a]
V  [jvm.dll+0x78ce1e]
V  [jvm.dll+0x78e4c1]
V  [jvm.dll+0x78eb13]
V  [jvm.dll+0x2627e8]
V  [jvm.dll+0x637f5a]
V  [jvm.dll+0x62c845]
V  [jvm.dll+0x31e49c]
V  [jvm.dll+0x31e2cf]
V  [jvm.dll+0x324006]
V  [jvm.dll+0x371f56]
V  [jvm.dll+0x371720]
V  [jvm.dll+0x2f845a]
V  [jvm.dll+0x2f96d2]
V  [jvm.dll+0x767267]
V  [jvm.dll+0x7689f5]
V  [jvm.dll+0x380059]
V  [jvm.dll+0x74b794]
V  [jvm.dll+0x3ef5cd]
V  [jvm.dll+0x3f1471]
C  [jli.dll+0x51cf]
C  [ucrtbase.dll+0x20279]
C  [KERNEL32.DLL+0x12784]
C  [ntdll.dll+0x50c51]


---------------  P R O C E S S  ---------------

Threads class SMR info:
_java_thread_list=0x00007fff684f7928, length=0, elements={
}

Java Threads: ( => current thread )

Other Threads:
  0x000001c687c9f000 GCTaskThread "GC Thread#0" [stack: 0x0000002c6b700000,0x0000002c6b800000] [id=16976]
  0x000001c687ca8800 ConcurrentGCThread "G1 Main Marker" [stack: 0x0000002c6b800000,0x0000002c6b900000] [id=16988]
  0x000001c687cab000 ConcurrentGCThread "G1 Conc#0" [stack: 0x0000002c6b900000,0x0000002c6ba00000] [id=16964]

[error occurred during error reporting (printing all threads), id 0xc0000005, EXCEPTION_ACCESS_VIOLATION (0xc0000005) at pc=0x00007fff67d285e7]

VM state:not at safepoint (not fully initialized)

VM Mutex/Monitor currently owned by a thread:  ([mutex/lock_event])
[0x000001c687c6fd30] Heap_lock - owner thread: 0x000001c687c72000

Heap address: 0x00000000c1400000, size: 1004 MB, Compressed Oops mode: Non-zero based: 0x00000000c1400000
Narrow klass base: 0x0000000000000000, Narrow klass shift: 0

GC Heap History (0 events):
No events

Deoptimization events (0 events):
No events

Classes redefined (0 events):
No events

Internal exceptions (0 events):
No events

Events (0 events):
No events


Dynamic libraries:
0x00007ff6fcb20000 - 0x00007ff6fcb2f000 	C:\Program Files\Java\jdk-12.0.2\bin\javaw.exe
0x00007fffb35c0000 - 0x00007fffb379b000 	C:\Windows\SYSTEM32\ntdll.dll
0x00007fffb1710000 - 0x00007fffb17be000 	C:\Windows\System32\KERNEL32.DLL
0x00007fffb0480000 - 0x00007fffb06ca000 	C:\Windows\System32\KERNELBASE.dll
0x00007fffb02d0000 - 0x00007fffb03c6000 	C:\Windows\System32\ucrtbase.dll
0x00007fffa1170000 - 0x00007fffa1188000 	C:\Program Files\Java\jdk-12.0.2\bin\jli.dll
0x00007fffa0e30000 - 0x00007fffa0e46000 	C:\Program Files\Java\jdk-12.0.2\bin\VCRUNTIME140.dll
0x00007fffb1240000 - 0x00007fffb12e1000 	C:\Windows\System32\ADVAPI32.dll
0x00007fffb0d00000 - 0x00007fffb0d9d000 	C:\Windows\System32\msvcrt.dll
0x00007fffb0c60000 - 0x00007fffb0cb9000 	C:\Windows\System32\sechost.dll
0x00007fffb1830000 - 0x00007fffb1955000 	C:\Windows\System32\RPCRT4.dll
0x00007fffb3410000 - 0x00007fffb355a000 	C:\Windows\System32\USER32.dll
0x00007fffb0a30000 - 0x00007fffb0a4e000 	C:\Windows\System32\win32u.dll
0x00007fffb33e0000 - 0x00007fffb3407000 	C:\Windows\System32\GDI32.dll
0x00007fffa6130000 - 0x00007fffa6397000 	C:\Windows\WinSxS\amd64_microsoft.windows.common-controls_6595b64144ccf1df_6.0.15063.1155_none_40c7922129a7722b\COMCTL32.dll
0x00007fffb08a0000 - 0x00007fffb0a28000 	C:\Windows\System32\gdi32full.dll
0x00007fffb2e60000 - 0x00007fffb3159000 	C:\Windows\System32\combase.dll
0x00007fffb0230000 - 0x00007fffb02ca000 	C:\Windows\System32\msvcp_win.dll
0x00007fffb0ab0000 - 0x00007fffb0b1a000 	C:\Windows\System32\bcryptPrimitives.dll
0x00007fffa2360000 - 0x00007fffa236a000 	C:\Windows\SYSTEM32\VERSION.dll
0x00007fffb0cd0000 - 0x00007fffb0cfd000 	C:\Windows\System32\IMM32.DLL
0x00007fff9d5d0000 - 0x00007fff9d67a000 	C:\Program Files\Java\jdk-12.0.2\bin\msvcp140.dll
0x00007fff67a20000 - 0x00007fff68597000 	C:\Program Files\Java\jdk-12.0.2\bin\server\jvm.dll
0x00007fffb0b20000 - 0x00007fffb0b28000 	C:\Windows\System32\PSAPI.DLL
0x00007fffac910000 - 0x00007fffac919000 	C:\Windows\SYSTEM32\WSOCK32.dll
0x00007fffadc20000 - 0x00007fffadc43000 	C:\Windows\SYSTEM32\WINMM.dll
0x00007fffb17c0000 - 0x00007fffb182c000 	C:\Windows\System32\WS2_32.dll
0x00007fffadac0000 - 0x00007fffadaeb000 	C:\Windows\SYSTEM32\winmmbase.dll
0x00007fffb01e0000 - 0x00007fffb0229000 	C:\Windows\System32\cfgmgr32.dll
0x00007fffafaa0000 - 0x00007fffafab1000 	C:\Windows\System32\kernel.appcore.dll
0x00007fffac360000 - 0x00007fffac371000 	C:\Program Files\Java\jdk-12.0.2\bin\verify.dll
0x00007fff9ef30000 - 0x00007fff9f0d9000 	C:\Windows\SYSTEM32\DBGHELP.DLL
0x00007fff9eeb0000 - 0x00007fff9eed9000 	C:\Windows\SYSTEM32\dbgcore.DLL
0x00007fffa4970000 - 0x00007fffa4996000 	C:\Program Files\Java\jdk-12.0.2\bin\java.dll
0x00007fffa4950000 - 0x00007fffa4967000 	C:\Program Files\Java\jdk-12.0.2\bin\zip.dll
0x00007fffac340000 - 0x00007fffac34a000 	C:\Program Files\Java\jdk-12.0.2\bin\jimage.dll

dbghelp: loaded successfully - version: 4.0.5 - missing functions: none
symbol engine: initialized successfully - sym options: 0x614 - pdb path: .;C:\Program Files\Java\jdk-12.0.2\bin;C:\Windows\SYSTEM32;C:\Windows\WinSxS\amd64_microsoft.windows.common-controls_6595b64144ccf1df_6.0.15063.1155_none_40c7922129a7722b;C:\Program Files\Java\jdk-12.0.2\bin\server

VM Arguments:
jvm_args: -Dfile.encoding=Cp1252 --module-path=C:\Program Files (x86)\MySQL\Connector J 8.0\mysql-connector-java-8.0.18.jar 
java_command: New_Employee
java_class_path (initial): C:\Users\raju\eclipse-workspace\payroll management system\bin;C:\Users\raju\eclipse-workspace\payroll management system\jgoodies-forms-1.8.0.jar
Launcher Type: SUN_STANDARD

[Global flags]
     intx CICompilerCount                          = 3                                         {product} {ergonomic}
     uint ConcGCThreads                            = 1                                         {product} {ergonomic}
     uint G1ConcRefinementThreads                  = 4                                         {product} {ergonomic}
   size_t G1HeapRegionSize                         = 1048576                                   {product} {ergonomic}
    uintx GCDrainStackTargetSize                   = 64                                        {product} {ergonomic}
   size_t InitialHeapSize                          = 67108864                                  {product} {ergonomic}
   size_t MarkStackSize                            = 4194304                                   {product} {ergonomic}
   size_t MaxHeapSize                              = 1052770304                                {product} {ergonomic}
   size_t MinHeapDeltaBytes                        = 1048576                                   {product} {ergonomic}
    uintx NonNMethodCodeHeapSize                   = 5830732                                {pd product} {ergonomic}
    uintx NonProfiledCodeHeapSize                  = 122913754                              {pd product} {ergonomic}
    uintx ProfiledCodeHeapSize                     = 122913754                              {pd product} {ergonomic}
    uintx ReservedCodeCacheSize                    = 251658240                              {pd product} {ergonomic}
     bool SegmentedCodeCache                       = true                                      {product} {ergonomic}
     bool UseCompressedClassPointers               = true                                 {lp64_product} {ergonomic}
     bool UseCompressedOops                        = true                                 {lp64_product} {ergonomic}
     bool UseG1GC                                  = true                                      {product} {ergonomic}
     bool UseLargePagesIndividualAllocation        = false                                  {pd product} {ergonomic}

Logging:
Log output configuration:
 #0: stdout all=warning uptime,level,tags
 #1: stderr all=off uptime,level,tags

Environment Variables:
PATH=C:/Program Files/Java/jdk-12.0.2/bin/server;C:/Program Files/Java/jdk-12.0.2/bin;C:\Windows\system32;C:\Windows;C:\Windows\System32\Wbem;C:\Windows\System32\WindowsPowerShell\v1.0\;C:\Program Files\Java\jdk-12.0.2\bin;C:\Program Files\Microsoft SQL Server\Client SDK\ODBC\130\Tools\Binn\;C:\Program Files (x86)\Microsoft SQL Server\140\Tools\Binn\;C:\Program Files\Microsoft SQL Server\140\Tools\Binn\;C:\Program Files\Microsoft SQL Server\140\DTS\Binn\;C:\Program Files (x86)\Microsoft SQL Server\150\DTS\Binn\;C:\Program Files\NetBeans-11.1\netbeans\bin;C:\Program Files\NetBeans-11.1\netbeans\bin;C:\Users\raju\AppData\Local\Programs\Python\Python37\Scripts\;C:\Users\raju\AppData\Local\Programs\Python\Python37\;C:\Users\raju\AppData\Local\Microsoft\WindowsApps;C:\Program Files\JetBrains\PyCharm Community Edition 2019.2.1\bin;;C:\Program Files\Java\jdk-12.0.2\bin;C:\Users\raju\AppData\Local\Programs\Microsoft VS Code\bin;C:\Program Files\NetBeans-11.1\netbeans\bin;;C:\Users\raju\Desktop;
USERNAME=raju
OS=Windows_NT
PROCESSOR_IDENTIFIER=Intel64 Family 6 Model 69 Stepping 1, GenuineIntel



---------------  S Y S T E M  ---------------

OS: Windows 10 , 64 bit Build 15063 (10.0.15063.1058)

CPU:total 4 (initial active 4) (2 cores per cpu, 2 threads per core) family 6 model 69 stepping 1, cmov, cx8, fxsr, mmx, sse, sse2, sse3, ssse3, sse4.1, sse4.2, popcnt, avx, avx2, aes, clmul, erms, lzcnt, ht, tsc, tscinvbit, bmi1, bmi2, fma

Memory: 4k page, system-wide physical 4012M (339M free)
TotalPageFile size 16300M (AvailPageFile size 38M)
current process WorkingSet (physical memory assigned to process): 10M, peak: 10M
current process commit charge ("private bytes"): 51M, peak: 115M

vm_info: Java HotSpot(TM) 64-Bit Server VM (12.0.2+10) for windows-amd64 JRE (12.0.2+10), built on Jul 16 2019 01:56:17 by "mach5one" with MS VC++ 15.5 (VS2017)

END.
